0 info it worked if it ends with ok
1 verbose cli [ '/usr/local/bin/node', '/usr/local/bin/npm', 'publish' ]
2 info using npm@3.10.3
3 info using node@v4.4.6
4 verbose publish [ '.' ]
5 silly cache add args [ '.', null ]
6 verbose cache add spec .
7 silly cache add parsed spec Result {
7 silly cache add   raw: '.',
7 silly cache add   scope: null,
7 silly cache add   escapedName: null,
7 silly cache add   name: null,
7 silly cache add   rawSpec: '.',
7 silly cache add   spec: '/Users/jsingleton20/Documents/Sites/laserdisc',
7 silly cache add   type: 'directory' }
8 verbose addLocalDirectory /Users/jsingleton20/.npm/laserdisc/0.0.81/package.tgz not in flight; packing
9 verbose correctMkdir /Users/jsingleton20/.npm correctMkdir not in flight; initializing
10 info lifecycle laserdisc@0.0.81~prepublish: laserdisc@0.0.81
11 verbose lifecycle laserdisc@0.0.81~prepublish: unsafe-perm in lifecycle true
12 verbose lifecycle laserdisc@0.0.81~prepublish: PATH: /usr/local/lib/node_modules/npm/bin/node-gyp-bin:/Users/jsingleton20/Documents/Sites/laserdisc/node_modules/.bin:/usr/local/bin:/Users/jsingleton20/.rbenv/shims:/usr/local/bin:/usr/local/bin:/usr/bin:/bin:/usr/sbin:/sbin:/usr/local/sbin
13 verbose lifecycle laserdisc@0.0.81~prepublish: CWD: /Users/jsingleton20/Documents/Sites/laserdisc
14 silly lifecycle laserdisc@0.0.81~prepublish: Args: [ '-c', 'browserify index.js -o index.dist.js' ]
15 silly lifecycle laserdisc@0.0.81~prepublish: Returned: code: 1  signal: null
16 info lifecycle laserdisc@0.0.81~prepublish: Failed to exec prepublish script
17 error addLocal Could not install /Users/jsingleton20/Documents/Sites/laserdisc
18 verbose stack Error: laserdisc@0.0.81 prepublish: `browserify index.js -o index.dist.js`
18 verbose stack Exit status 1
18 verbose stack     at EventEmitter.<anonymous> (/usr/local/lib/node_modules/npm/lib/utils/lifecycle.js:242:16)
18 verbose stack     at emitTwo (events.js:87:13)
18 verbose stack     at EventEmitter.emit (events.js:172:7)
18 verbose stack     at ChildProcess.<anonymous> (/usr/local/lib/node_modules/npm/lib/utils/spawn.js:40:14)
18 verbose stack     at emitTwo (events.js:87:13)
18 verbose stack     at ChildProcess.emit (events.js:172:7)
18 verbose stack     at maybeClose (internal/child_process.js:827:16)
18 verbose stack     at Process.ChildProcess._handle.onexit (internal/child_process.js:211:5)
19 verbose pkgid laserdisc@0.0.81
20 verbose cwd /Users/jsingleton20/Documents/Sites/laserdisc
21 error Darwin 15.3.0
22 error argv "/usr/local/bin/node" "/usr/local/bin/npm" "publish"
23 error node v4.4.6
24 error npm  v3.10.3
25 error code ELIFECYCLE
26 error laserdisc@0.0.81 prepublish: `browserify index.js -o index.dist.js`
26 error Exit status 1
27 error Failed at the laserdisc@0.0.81 prepublish script 'browserify index.js -o index.dist.js'.
27 error Make sure you have the latest version of node.js and npm installed.
27 error If you do, this is most likely a problem with the laserdisc package,
27 error not with npm itself.
27 error Tell the author that this fails on your system:
27 error     browserify index.js -o index.dist.js
27 error You can get information on how to open an issue for this project with:
27 error     npm bugs laserdisc
27 error Or if that isn't available, you can get their info via:
27 error     npm owner ls laserdisc
27 error There is likely additional logging output above.
28 verbose exit [ 1, true ]
